#
# There is insufficient memory for the Java Runtime Environment to continue.
# Native memory allocation (mmap) failed to map 268435456 bytes for Failed to commit area from 0x0000000701000000 to 0x0000000711000000 of length 268435456.
# Possible reasons:
#   The system is out of physical RAM or swap space
#   The process is running with CompressedOops enabled, and the Java Heap may be blocking the growth of the native heap
# Possible solutions:
#   Reduce memory load on the system
#   Increase physical memory or swap space
#   Check if swap backing store is full
#   Decrease Java heap size (-Xmx/-Xms)
#   Decrease number of Java threads
#   Decrease Java thread stack sizes (-Xss)
#   Set larger code cache with -XX:ReservedCodeCacheSize=
#   JVM is running with Zero Based Compressed Oops mode in which the Java heap is
#     placed in the first 32GB address space. The Java Heap base address is the
#     maximum limit for the native heap growth. Please use -XX:HeapBaseMinAddress
#     to set the Java Heap base and to place the Java Heap above 32GB virtual address.
# This output file may be truncated or incomplete.
#
#  Out of Memory Error (t:/workspace/open/src/hotspot/os/windows/os_windows.cpp:3315), pid=46248, tid=37328
#
# JRE version:  (14.0+36) (build )
# Java VM: Java HotSpot(TM) 64-Bit Server VM (14+36-1461, mixed mode, sharing, tiered, compressed oops, g1 gc, windows-amd64)
# No core dump will be written. Minidumps are not enabled by default on client versions of Windows
#

---------------  S U M M A R Y ------------

Command Line: -Dfile.encoding=GBK --module-path=C:\Users\Zixuan\.p2\pool\plugins\org.junit.jupiter.api_5.6.0.v20200203-2009.jar;C:\Users\Zixuan\.p2\pool\plugins\org.junit.jupiter.engine_5.6.0.v20200203-2009.jar;C:\Users\Zixuan\.p2\pool\plugins\org.junit.jupiter.migrationsupport_5.6.0.v20200203-2009.jar;C:\Users\Zixuan\.p2\pool\plugins\org.junit.jupiter.params_5.6.0.v20200203-2009.jar;C:\Users\Zixuan\.p2\pool\plugins\org.junit.platform.commons_1.6.0.v20200203-2009.jar;C:\Users\Zixuan\.p2\pool\plugins\org.junit.platform.engine_1.6.0.v20200203-2009.jar;C:\Users\Zixuan\.p2\pool\plugins\org.junit.platform.launcher_1.6.0.v20200203-2009.jar;C:\Users\Zixuan\.p2\pool\plugins\org.junit.platform.runner_1.6.0.v20200203-2009.jar;C:\Users\Zixuan\.p2\pool\plugins\org.junit.platform.suite.api_1.6.0.v20200203-2009.jar;C:\Users\Zixuan\.p2\pool\plugins\org.junit.vintage.engine_5.6.0.v20200203-2009.jar;C:\Users\Zixuan\.p2\pool\plugins\org.opentest4j_1.2.0.v20190826-0900.jar;C:\Users\Zixuan\.p2\pool\plugins\org.apiguardian_1.1.0.v20190826-0900.jar;C:\Users\Zixuan\.p2\pool\plugins\org.junit_4.13.0.v20200204-1500.jar;C:\Users\Zixuan\.p2\pool\plugins\org.hamcrest.core_1.3.0.v20180420-1519.jar level.Game

Host: Intel(R) Core(TM) i7-8700K CPU @ 3.70GHz, 12 cores, 15G,  Windows 10 , 64 bit Build 18362 (10.0.18362.329)
Time: Mon Apr 13 23:07:04 2020 ¨¦?¦Ì???¨¢?¨º¡À elapsed time: 0 seconds (0d 0h 0m 0s)

---------------  T H R E A D  ---------------

Current thread (0x000001d0f9a25000):  JavaThread "Unknown thread" [_thread_in_vm, id=37328, stack(0x000000980f300000,0x000000980f400000)]

Stack: [0x000000980f300000,0x000000980f400000]
Native frames: (J=compiled Java code, j=interpreted, Vv=VM code, C=native code)
V  [jvm.dll+0x5f83ea]
V  [jvm.dll+0x741e2a]
V  [jvm.dll+0x7435df]
V  [jvm.dll+0x743c23]
V  [jvm.dll+0x20d268]
V  [jvm.dll+0x5f579a]
V  [jvm.dll+0x5ea5f5]
V  [jvm.dll+0x2c7e7c]
V  [jvm.dll+0x2c7cb2]
V  [jvm.dll+0x2cdb9c]
V  [jvm.dll+0x313fd8]
V  [jvm.dll+0x313700]
V  [jvm.dll+0x2a090a]
V  [jvm.dll+0x2a1a59]
V  [jvm.dll+0x71f6f8]
V  [jvm.dll+0x321c24]
V  [jvm.dll+0x700aec]
V  [jvm.dll+0x392ddf]
V  [jvm.dll+0x394e51]
C  [jli.dll+0x523b]
C  [ucrtbase.dll+0x20e72]
C  [KERNEL32.DLL+0x17bd4]
C  [ntdll.dll+0x6ced1]


---------------  P R O C E S S  ---------------

Threads class SMR info:
_java_thread_list=0x00007ffb28be4078, length=0, elements={
}

Java Threads: ( => current thread )

Other Threads:
  0x000001d0f9a8a000 GCTaskThread "GC Thread#0" [stack: 0x000000980f400000,0x000000980f500000] [id=30880]
  0x000001d0f9aab800 ConcurrentGCThread "G1 Main Marker" [stack: 0x000000980f500000,0x000000980f600000] [id=46832]
  0x000001d0f9aad000 ConcurrentGCThread "G1 Conc#0" [stack: 0x000000980f600000,0x000000980f700000] [id=13392]

[error occurred during error reporting (printing all threads), id 0xc0000005, EXCEPTION_ACCESS_VIOLATION (0xc0000005) at pc=0x00007ffb28411237]

VM state:not at safepoint (not fully initialized)

VM Mutex/Monitor currently owned by a thread:  ([mutex/lock_event])
[0x000001d0f9a226e0] Heap_lock - owner thread: 0x000001d0f9a25000

Heap address: 0x0000000701000000, size: 4080 MB, Compressed Oops mode: Zero based, Oop shift amount: 3
Narrow klass base: 0x0000000000000000, Narrow klass shift: 0

GC Heap History (0 events):
No events

Deoptimization events (0 events):
No events

Classes unloaded (0 events):
No events

Classes redefined (0 events):
No events

Internal exceptions (0 events):
No events

Events (2 events):
Event: 0.005 Loaded shared library C:\Program Files\Java\jdk-14\bin\java.dll
Event: 0.005 Loaded shared library C:\Program Files\Java\jdk-14\bin\zip.dll


Dynamic libraries:
0x00007ff7d4ae0000 - 0x00007ff7d4aef000 	C:\Program Files\Java\jdk-14\bin\javaw.exe
0x00007ffbcf5e0000 - 0x00007ffbcf7d0000 	C:\Windows\SYSTEM32\ntdll.dll
0x00007ffbcded0000 - 0x00007ffbcdf82000 	C:\Windows\System32\KERNEL32.DLL
0x00007ffbccf90000 - 0x00007ffbcd233000 	C:\Windows\System32\KERNELBASE.dll
0x00007ffbcd240000 - 0x00007ffbcd33a000 	C:\Windows\System32\ucrtbase.dll
0x00007ffbc1e20000 - 0x00007ffbc1e35000 	C:\Program Files\Java\jdk-14\bin\VCRUNTIME140.dll
0x00007ffba7580000 - 0x00007ffba7598000 	C:\Program Files\Java\jdk-14\bin\jli.dll
0x00007ffbce900000 - 0x00007ffbce9a3000 	C:\Windows\System32\ADVAPI32.dll
0x00007ffbcdd20000 - 0x00007ffbcddbe000 	C:\Windows\System32\msvcrt.dll
0x00007ffbcd690000 - 0x00007ffbcd727000 	C:\Windows\System32\sechost.dll
0x00007ffbce730000 - 0x00007ffbce850000 	C:\Windows\System32\RPCRT4.dll
0x00007ffbcdb80000 - 0x00007ffbcdd14000 	C:\Windows\System32\USER32.dll
0x00007ffbc1010000 - 0x00007ffbc1295000 	C:\Windows\WinSxS\amd64_microsoft.windows.common-controls_6595b64144ccf1df_6.0.18362.720_none_e6beb5c51314836b\COMCTL32.dll
0x00007ffbcd630000 - 0x00007ffbcd651000 	C:\Windows\System32\win32u.dll
0x00007ffbce0f0000 - 0x00007ffbce426000 	C:\Windows\System32\combase.dll
0x00007ffbce520000 - 0x00007ffbce546000 	C:\Windows\System32\GDI32.dll
0x00007ffbccf10000 - 0x00007ffbccf90000 	C:\Windows\System32\bcryptPrimitives.dll
0x00007ffbcd490000 - 0x00007ffbcd624000 	C:\Windows\System32\gdi32full.dll
0x00007ffbccdc0000 - 0x00007ffbcce5e000 	C:\Windows\System32\msvcp_win.dll
0x00007ffbc85b0000 - 0x00007ffbc85ba000 	C:\Windows\SYSTEM32\VERSION.dll
0x00007ffbce700000 - 0x00007ffbce72e000 	C:\Windows\System32\IMM32.DLL
0x00007ffb99c70000 - 0x00007ffb99d0b000 	C:\Program Files\Java\jdk-14\bin\msvcp140.dll
0x00007ffb28160000 - 0x00007ffb28c7f000 	C:\Program Files\Java\jdk-14\bin\server\jvm.dll
0x00007ffbcf510000 - 0x00007ffbcf518000 	C:\Windows\System32\PSAPI.DLL
0x00007ffbbff60000 - 0x00007ffbbff69000 	C:\Windows\SYSTEM32\WSOCK32.dll
0x00007ffbbcdf0000 - 0x00007ffbbce14000 	C:\Windows\SYSTEM32\WINMM.dll
0x00007ffbcf520000 - 0x00007ffbcf58f000 	C:\Windows\System32\WS2_32.dll
0x00007ffbbcdc0000 - 0x00007ffbbcded000 	C:\Windows\SYSTEM32\WINMMBASE.dll
0x00007ffbccec0000 - 0x00007ffbccf0a000 	C:\Windows\System32\cfgmgr32.dll
0x00007ffbcc550000 - 0x00007ffbcc561000 	C:\Windows\System32\kernel.appcore.dll
0x00007ffbb6260000 - 0x00007ffbb626a000 	C:\Program Files\Java\jdk-14\bin\jimage.dll
0x00007ffbc2d00000 - 0x00007ffbc2ef4000 	C:\Windows\SYSTEM32\DBGHELP.DLL
0x00007ffbc2c20000 - 0x00007ffbc2c4a000 	C:\Windows\SYSTEM32\dbgcore.DLL
0x00007ffba6000000 - 0x00007ffba6025000 	C:\Program Files\Java\jdk-14\bin\java.dll
0x00007ffba6cc0000 - 0x00007ffba6cd7000 	C:\Program Files\Java\jdk-14\bin\zip.dll

dbghelp: loaded successfully - version: 4.0.5 - missing functions: none
symbol engine: initialized successfully - sym options: 0x614 - pdb path: .;C:\Program Files\Java\jdk-14\bin;C:\Windows\SYSTEM32;C:\Windows\WinSxS\amd64_microsoft.windows.common-controls_6595b64144ccf1df_6.0.18362.720_none_e6beb5c51314836b;C:\Program Files\Java\jdk-14\bin\server

VM Arguments:
jvm_args: -Dfile.encoding=GBK --module-path=C:\Users\Zixuan\.p2\pool\plugins\org.junit.jupiter.api_5.6.0.v20200203-2009.jar;C:\Users\Zixuan\.p2\pool\plugins\org.junit.jupiter.engine_5.6.0.v20200203-2009.jar;C:\Users\Zixuan\.p2\pool\plugins\org.junit.jupiter.migrationsupport_5.6.0.v20200203-2009.jar;C:\Users\Zixuan\.p2\pool\plugins\org.junit.jupiter.params_5.6.0.v20200203-2009.jar;C:\Users\Zixuan\.p2\pool\plugins\org.junit.platform.commons_1.6.0.v20200203-2009.jar;C:\Users\Zixuan\.p2\pool\plugins\org.junit.platform.engine_1.6.0.v20200203-2009.jar;C:\Users\Zixuan\.p2\pool\plugins\org.junit.platform.launcher_1.6.0.v20200203-2009.jar;C:\Users\Zixuan\.p2\pool\plugins\org.junit.platform.runner_1.6.0.v20200203-2009.jar;C:\Users\Zixuan\.p2\pool\plugins\org.junit.platform.suite.api_1.6.0.v20200203-2009.jar;C:\Users\Zixuan\.p2\pool\plugins\org.junit.vintage.engine_5.6.0.v20200203-2009.jar;C:\Users\Zixuan\.p2\pool\plugins\org.opentest4j_1.2.0.v20190826-0900.jar;C:\Users\Zixuan\.p2\pool\plugins\org.apiguardian_1.1.0.v20190826-0900.jar;C:\Users\Zixuan\.p2\pool\plugins\org.junit_4.13.0.v20200204-1500.jar;C:\Users\Zixuan\.p2\pool\plugins\org.hamcrest.core_1.3.0.v20180420-1519.jar 
java_command: level.Game
java_class_path (initial): C:\Users\Zixuan\eclipse-workspace\SuperEpicFinalProject\bin
Launcher Type: SUN_STANDARD

[Global flags]
     intx CICompilerCount                          = 4                                         {product} {ergonomic}
     uint ConcGCThreads                            = 3                                         {product} {ergonomic}
     uint G1ConcRefinementThreads                  = 10                                        {product} {ergonomic}
   size_t G1HeapRegionSize                         = 1048576                                   {product} {ergonomic}
    uintx GCDrainStackTargetSize                   = 64                                        {product} {ergonomic}
   size_t InitialHeapSize                          = 268435456                                 {product} {ergonomic}
   size_t MarkStackSize                            = 4194304                                   {product} {ergonomic}
   size_t MaxHeapSize                              = 4278190080                                {product} {ergonomic}
   size_t MinHeapDeltaBytes                        = 1048576                                   {product} {ergonomic}
   size_t MinHeapSize                              = 8388608                                   {product} {ergonomic}
    uintx NonNMethodCodeHeapSize                   = 5839372                                {pd product} {ergonomic}
    uintx NonProfiledCodeHeapSize                  = 122909434                              {pd product} {ergonomic}
    uintx ProfiledCodeHeapSize                     = 122909434                              {pd product} {ergonomic}
    uintx ReservedCodeCacheSize                    = 251658240                              {pd product} {ergonomic}
     bool SegmentedCodeCache                       = true                                      {product} {ergonomic}
   size_t SoftMaxHeapSize                          = 4278190080                             {manageable} {ergonomic}
     bool UseCompressedClassPointers               = true                                 {lp64_product} {ergonomic}
     bool UseCompressedOops                        = true                                 {lp64_product} {ergonomic}
     bool UseG1GC                                  = true                                      {product} {ergonomic}
     bool UseLargePagesIndividualAllocation        = false                                  {pd product} {ergonomic}

Logging:
Log output configuration:
 #0: stdout all=warning uptime,level,tags
 #1: stderr all=off uptime,level,tags

Environment Variables:
PATH=C:/Program Files/Java/jdk-14/bin/server;C:/Program Files/Java/jdk-14/bin;C:\Program Files (x86)\Common Files\Oracle\Java\javapath;C:\Program Files (x86)\NVIDIA Corporation\PhysX\Common;C:\Windows\system32;C:\Windows;C:\Windows\System32\Wbem;C:\Windows\System32\WindowsPowerShell\v1.0\;C:\Windows\System32\OpenSSH\;C:\Program Files\Git\cmd;C:\Program Files\dotnet\;C:\Users\Zixuan\AppData\Local\Microsoft\WindowsApps;C:\Program Files\Bandizip\;C:\Users\Zixuan\AppData\Local\GitHubDesktop\bin;C:\Windows\system32;
USERNAME=Zixuan
OS=Windows_NT
PROCESSOR_IDENTIFIER=Intel64 Family 6 Model 158 Stepping 10, GenuineIntel



---------------  S Y S T E M  ---------------

OS: Windows 10 , 64 bit Build 18362 (10.0.18362.329)
OS uptime: 14 days 0:43 hours

CPU:total 12 (initial active 12) (6 cores per cpu, 2 threads per core) family 6 model 158 stepping 10, cmov, cx8, fxsr, mmx, sse, sse2, sse3, ssse3, sse4.1, sse4.2, popcnt, avx, avx2, aes, clmul, erms, rtm, 3dnowpref, lzcnt, ht, tsc, tscinvbit, bmi1, bmi2, adx, fma

Memory: 4k page, system-wide physical 16319M (3286M free)
TotalPageFile size 65471M (AvailPageFile size 247M)
current process WorkingSet (physical memory assigned to process): 10M, peak: 10M
current process commit charge ("private bytes"): 65M, peak: 321M

vm_info: Java HotSpot(TM) 64-Bit Server VM (14+36-1461) for windows-amd64 JRE (14+36-1461), built on Feb  6 2020 19:08:04 by "mach5one" with MS VC++ 15.9 (VS2017)

END.
